08:56:03 DEBUG : Logs will be stored at 'C:/Users/machk/gitkraken/Audio_Processing/LAB4/IDE.log'.
08:56:19 INFO  : Launching XSCT server: xsct.bat -n  -interactive C:\Users\machk\gitkraken\Audio_Processing\LAB4\temp_xsdb_launch_script.tcl
08:56:19 INFO  : Registering command handlers for Vitis TCF services
08:56:19 INFO  : Platform repository initialization has completed.
08:56:25 INFO  : XSCT server has started successfully.
08:56:25 INFO  : plnx-install-location is set to ''
08:56:25 INFO  : Successfully done setting XSCT server connection channel  
08:56:27 INFO  : Successfully done setting workspace for the tool. 
08:56:27 INFO  : Successfully done query RDI_DATADIR 
08:59:21 INFO  : Result from executing command 'getProjects': AudioProcessing2
08:59:21 INFO  : Result from executing command 'getPlatforms': 
08:59:21 WARN  : An unexpected exception occurred in the module 'platform project logging'
08:59:22 INFO  : Platform 'AudioProcessing2' is added to custom repositories.
08:59:36 INFO  : Platform 'AudioProcessing2' is added to custom repositories.
09:03:33 INFO  : Result from executing command 'getProjects': AudioProcessing2
09:03:33 INFO  : Result from executing command 'getPlatforms': AudioProcessing2|C:/Users/machk/gitkraken/Audio_Processing/LAB4/AudioProcessing2/export/AudioProcessing2/AudioProcessing2.xpfm
09:03:33 INFO  : Checking for BSP changes to sync application flags for project 'Vraag3_App'...
09:05:06 INFO  : Checking for BSP changes to sync application flags for project 'Vraag3_App'...
09:07:55 INFO  : Checking for BSP changes to sync application flags for project 'Vraag3_App'...
09:09:53 INFO  : Checking for BSP changes to sync application flags for project 'Vraag3_App'...
09:15:22 INFO  : Connected to target on host '127.0.0.1' and port '3121'.
09:15:24 INFO  : Jtag cable 'Xilinx TUL 1234-tulA' is selected.
09:15:25 INFO  : 'jtag frequency' command is executed.
09:15:25 INFO  : Context for 'APU' is selected.
09:15:25 INFO  : System reset is completed.
09:15:28 INFO  : 'after 3000' command is executed.
09:15:29 INFO  : 'targets -set -filter {jtag_cable_name =~ "Xilinx TUL 1234-tulA" && level==0 && jtag_device_ctx=="jsn-TUL-1234-tulA-23727093-0"}' command is executed.
09:15:32 INFO  : Device configured successfully with "C:/Users/machk/gitkraken/Audio_Processing/LAB4/Vraag3_App/_ide/bitstream/AudioProcessing2.bit"
09:15:33 INFO  : Context for 'APU' is selected.
09:15:33 INFO  : Hardware design and registers information is loaded from 'C:/Users/machk/gitkraken/Audio_Processing/LAB4/AudioProcessing2/export/AudioProcessing2/hw/AudioProcessing2.xsa'.
09:15:33 INFO  : 'configparams force-mem-access 1' command is executed.
09:15:33 INFO  : Context for 'APU' is selected.
09:15:33 INFO  : Sourcing of 'C:/Users/machk/gitkraken/Audio_Processing/LAB4/Vraag3_App/_ide/psinit/ps7_init.tcl' is done.
09:15:34 INFO  : 'ps7_init' command is executed.
09:15:34 INFO  : 'ps7_post_config' command is executed.
09:15:34 INFO  : Context for processor 'ps7_cortexa9_0' is selected.
09:15:34 INFO  : The application 'C:/Users/machk/gitkraken/Audio_Processing/LAB4/Vraag3_App/Debug/Vraag3_App.elf' is downloaded to processor 'ps7_cortexa9_0'.
09:15:34 INFO  : 'configparams force-mem-access 0' command is executed.
09:15:34 INFO  : ----------------XSDB Script----------------
connect -url tcp:127.0.0.1:3121
targets -set -nocase -filter {name =~"APU*"}
rst -system
after 3000
targets -set -filter {jtag_cable_name =~ "Xilinx TUL 1234-tulA" && level==0 && jtag_device_ctx=="jsn-TUL-1234-tulA-23727093-0"}
fpga -file C:/Users/machk/gitkraken/Audio_Processing/LAB4/Vraag3_App/_ide/bitstream/AudioProcessing2.bit
targets -set -nocase -filter {name =~"APU*"}
loadhw -hw C:/Users/machk/gitkraken/Audio_Processing/LAB4/AudioProcessing2/export/AudioProcessing2/hw/AudioProcessing2.xsa -mem-ranges [list {0x40000000 0xbfffffff}] -regs
configparams force-mem-access 1
targets -set -nocase -filter {name =~"APU*"}
source C:/Users/machk/gitkraken/Audio_Processing/LAB4/Vraag3_App/_ide/psinit/ps7_init.tcl
ps7_init
ps7_post_config
targets -set -nocase -filter {name =~ "*A9*#0"}
dow C:/Users/machk/gitkraken/Audio_Processing/LAB4/Vraag3_App/Debug/Vraag3_App.elf
configparams force-mem-access 0
----------------End of Script----------------

09:15:34 INFO  : Context for processor 'ps7_cortexa9_0' is selected.
09:15:34 INFO  : 'con' command is executed.
09:15:34 INFO  : ----------------XSDB Script (After Launch)----------------
targets -set -nocase -filter {name =~ "*A9*#0"}
con
----------------End of Script----------------

09:15:34 INFO  : Launch script is exported to file 'C:\Users\machk\gitkraken\Audio_Processing\LAB4\Vraag3_App_system\_ide\scripts\debugger_vraag3_app-default.tcl'
09:19:05 INFO  : Disconnected from the channel tcfchan#2.
09:19:06 INFO  : Connected to target on host '127.0.0.1' and port '3121'.
09:19:07 INFO  : Jtag cable 'Xilinx TUL 1234-tulA' is selected.
09:19:07 INFO  : 'jtag frequency' command is executed.
09:19:07 INFO  : Context for 'APU' is selected.
09:19:07 INFO  : System reset is completed.
09:19:10 INFO  : 'after 3000' command is executed.
09:19:10 INFO  : 'targets -set -filter {jtag_cable_name =~ "Xilinx TUL 1234-tulA" && level==0 && jtag_device_ctx=="jsn-TUL-1234-tulA-23727093-0"}' command is executed.
09:19:13 INFO  : Device configured successfully with "C:/Users/machk/gitkraken/Audio_Processing/LAB4/Vraag3_App/_ide/bitstream/AudioProcessing2.bit"
09:19:13 INFO  : Context for 'APU' is selected.
09:19:13 INFO  : Hardware design and registers information is loaded from 'C:/Users/machk/gitkraken/Audio_Processing/LAB4/AudioProcessing2/export/AudioProcessing2/hw/AudioProcessing2.xsa'.
09:19:13 INFO  : 'configparams force-mem-access 1' command is executed.
09:19:13 INFO  : Context for 'APU' is selected.
09:19:13 INFO  : Sourcing of 'C:/Users/machk/gitkraken/Audio_Processing/LAB4/Vraag3_App/_ide/psinit/ps7_init.tcl' is done.
09:19:13 INFO  : 'ps7_init' command is executed.
09:19:13 INFO  : 'ps7_post_config' command is executed.
09:19:13 INFO  : Context for processor 'ps7_cortexa9_0' is selected.
09:19:14 INFO  : The application 'C:/Users/machk/gitkraken/Audio_Processing/LAB4/Vraag3_App/Debug/Vraag3_App.elf' is downloaded to processor 'ps7_cortexa9_0'.
09:19:14 INFO  : 'configparams force-mem-access 0' command is executed.
09:19:14 INFO  : ----------------XSDB Script----------------
connect -url tcp:127.0.0.1:3121
targets -set -nocase -filter {name =~"APU*"}
rst -system
after 3000
targets -set -filter {jtag_cable_name =~ "Xilinx TUL 1234-tulA" && level==0 && jtag_device_ctx=="jsn-TUL-1234-tulA-23727093-0"}
fpga -file C:/Users/machk/gitkraken/Audio_Processing/LAB4/Vraag3_App/_ide/bitstream/AudioProcessing2.bit
targets -set -nocase -filter {name =~"APU*"}
loadhw -hw C:/Users/machk/gitkraken/Audio_Processing/LAB4/AudioProcessing2/export/AudioProcessing2/hw/AudioProcessing2.xsa -mem-ranges [list {0x40000000 0xbfffffff}] -regs
configparams force-mem-access 1
targets -set -nocase -filter {name =~"APU*"}
source C:/Users/machk/gitkraken/Audio_Processing/LAB4/Vraag3_App/_ide/psinit/ps7_init.tcl
ps7_init
ps7_post_config
targets -set -nocase -filter {name =~ "*A9*#0"}
dow C:/Users/machk/gitkraken/Audio_Processing/LAB4/Vraag3_App/Debug/Vraag3_App.elf
configparams force-mem-access 0
----------------End of Script----------------

09:19:14 INFO  : Context for processor 'ps7_cortexa9_0' is selected.
09:19:14 INFO  : 'con' command is executed.
09:19:14 INFO  : ----------------XSDB Script (After Launch)----------------
targets -set -nocase -filter {name =~ "*A9*#0"}
con
----------------End of Script----------------

09:19:14 INFO  : Launch script is exported to file 'C:\Users\machk\gitkraken\Audio_Processing\LAB4\Vraag3_App_system\_ide\scripts\debugger_vraag3_app-default.tcl'
09:23:34 INFO  : Disconnected from the channel tcfchan#3.
09:23:35 INFO  : Connected to target on host '127.0.0.1' and port '3121'.
09:23:35 INFO  : Jtag cable 'Xilinx TUL 1234-tulA' is selected.
09:23:35 INFO  : 'jtag frequency' command is executed.
09:23:35 INFO  : Context for 'APU' is selected.
09:23:35 INFO  : System reset is completed.
09:23:38 INFO  : 'after 3000' command is executed.
09:23:39 INFO  : 'targets -set -filter {jtag_cable_name =~ "Xilinx TUL 1234-tulA" && level==0 && jtag_device_ctx=="jsn-TUL-1234-tulA-23727093-0"}' command is executed.
09:23:41 INFO  : Device configured successfully with "C:/Users/machk/gitkraken/Audio_Processing/LAB4/Vraag3_App/_ide/bitstream/AudioProcessing2.bit"
09:23:41 INFO  : Context for 'APU' is selected.
09:23:41 INFO  : Hardware design and registers information is loaded from 'C:/Users/machk/gitkraken/Audio_Processing/LAB4/AudioProcessing2/export/AudioProcessing2/hw/AudioProcessing2.xsa'.
09:23:41 INFO  : 'configparams force-mem-access 1' command is executed.
09:23:41 INFO  : Context for 'APU' is selected.
09:23:41 INFO  : Sourcing of 'C:/Users/machk/gitkraken/Audio_Processing/LAB4/Vraag3_App/_ide/psinit/ps7_init.tcl' is done.
09:23:42 INFO  : 'ps7_init' command is executed.
09:23:42 INFO  : 'ps7_post_config' command is executed.
09:23:42 INFO  : Context for processor 'ps7_cortexa9_0' is selected.
09:23:42 INFO  : The application 'C:/Users/machk/gitkraken/Audio_Processing/LAB4/Vraag3_App/Debug/Vraag3_App.elf' is downloaded to processor 'ps7_cortexa9_0'.
09:23:42 INFO  : 'configparams force-mem-access 0' command is executed.
09:23:42 INFO  : ----------------XSDB Script----------------
connect -url tcp:127.0.0.1:3121
targets -set -nocase -filter {name =~"APU*"}
rst -system
after 3000
targets -set -filter {jtag_cable_name =~ "Xilinx TUL 1234-tulA" && level==0 && jtag_device_ctx=="jsn-TUL-1234-tulA-23727093-0"}
fpga -file C:/Users/machk/gitkraken/Audio_Processing/LAB4/Vraag3_App/_ide/bitstream/AudioProcessing2.bit
targets -set -nocase -filter {name =~"APU*"}
loadhw -hw C:/Users/machk/gitkraken/Audio_Processing/LAB4/AudioProcessing2/export/AudioProcessing2/hw/AudioProcessing2.xsa -mem-ranges [list {0x40000000 0xbfffffff}] -regs
configparams force-mem-access 1
targets -set -nocase -filter {name =~"APU*"}
source C:/Users/machk/gitkraken/Audio_Processing/LAB4/Vraag3_App/_ide/psinit/ps7_init.tcl
ps7_init
ps7_post_config
targets -set -nocase -filter {name =~ "*A9*#0"}
dow C:/Users/machk/gitkraken/Audio_Processing/LAB4/Vraag3_App/Debug/Vraag3_App.elf
configparams force-mem-access 0
----------------End of Script----------------

09:23:42 INFO  : Context for processor 'ps7_cortexa9_0' is selected.
09:23:42 INFO  : 'con' command is executed.
09:23:42 INFO  : ----------------XSDB Script (After Launch)----------------
targets -set -nocase -filter {name =~ "*A9*#0"}
con
----------------End of Script----------------

09:23:42 INFO  : Launch script is exported to file 'C:\Users\machk\gitkraken\Audio_Processing\LAB4\Vraag3_App_system\_ide\scripts\debugger_vraag3_app-default.tcl'
09:43:17 INFO  : Disconnected from the channel tcfchan#4.
09:43:18 INFO  : Connected to target on host '127.0.0.1' and port '3121'.
09:43:19 INFO  : Jtag cable 'Xilinx TUL 1234-tulA' is selected.
09:43:19 INFO  : 'jtag frequency' command is executed.
09:43:19 INFO  : Context for 'APU' is selected.
09:43:19 INFO  : System reset is completed.
09:43:22 INFO  : 'after 3000' command is executed.
09:43:22 INFO  : 'targets -set -filter {jtag_cable_name =~ "Xilinx TUL 1234-tulA" && level==0 && jtag_device_ctx=="jsn-TUL-1234-tulA-23727093-0"}' command is executed.
09:43:24 INFO  : Device configured successfully with "C:/Users/machk/gitkraken/Audio_Processing/LAB4/Vraag3_App/_ide/bitstream/AudioProcessing2.bit"
09:43:24 INFO  : Context for 'APU' is selected.
09:43:24 INFO  : Hardware design and registers information is loaded from 'C:/Users/machk/gitkraken/Audio_Processing/LAB4/AudioProcessing2/export/AudioProcessing2/hw/AudioProcessing2.xsa'.
09:43:24 INFO  : 'configparams force-mem-access 1' command is executed.
09:43:24 INFO  : Context for 'APU' is selected.
09:43:24 INFO  : Sourcing of 'C:/Users/machk/gitkraken/Audio_Processing/LAB4/Vraag3_App/_ide/psinit/ps7_init.tcl' is done.
09:43:25 INFO  : 'ps7_init' command is executed.
09:43:25 INFO  : 'ps7_post_config' command is executed.
09:43:25 INFO  : Context for processor 'ps7_cortexa9_0' is selected.
09:43:25 INFO  : The application 'C:/Users/machk/gitkraken/Audio_Processing/LAB4/Vraag3_App/Debug/Vraag3_App.elf' is downloaded to processor 'ps7_cortexa9_0'.
09:43:25 INFO  : 'configparams force-mem-access 0' command is executed.
09:43:25 INFO  : ----------------XSDB Script----------------
connect -url tcp:127.0.0.1:3121
targets -set -nocase -filter {name =~"APU*"}
rst -system
after 3000
targets -set -filter {jtag_cable_name =~ "Xilinx TUL 1234-tulA" && level==0 && jtag_device_ctx=="jsn-TUL-1234-tulA-23727093-0"}
fpga -file C:/Users/machk/gitkraken/Audio_Processing/LAB4/Vraag3_App/_ide/bitstream/AudioProcessing2.bit
targets -set -nocase -filter {name =~"APU*"}
loadhw -hw C:/Users/machk/gitkraken/Audio_Processing/LAB4/AudioProcessing2/export/AudioProcessing2/hw/AudioProcessing2.xsa -mem-ranges [list {0x40000000 0xbfffffff}] -regs
configparams force-mem-access 1
targets -set -nocase -filter {name =~"APU*"}
source C:/Users/machk/gitkraken/Audio_Processing/LAB4/Vraag3_App/_ide/psinit/ps7_init.tcl
ps7_init
ps7_post_config
targets -set -nocase -filter {name =~ "*A9*#0"}
dow C:/Users/machk/gitkraken/Audio_Processing/LAB4/Vraag3_App/Debug/Vraag3_App.elf
configparams force-mem-access 0
----------------End of Script----------------

09:43:26 INFO  : Context for processor 'ps7_cortexa9_0' is selected.
09:43:26 INFO  : 'con' command is executed.
09:43:26 INFO  : ----------------XSDB Script (After Launch)----------------
targets -set -nocase -filter {name =~ "*A9*#0"}
con
----------------End of Script----------------

09:43:26 INFO  : Launch script is exported to file 'C:\Users\machk\gitkraken\Audio_Processing\LAB4\Vraag3_App_system\_ide\scripts\debugger_vraag3_app-default.tcl'
09:44:51 INFO  : Disconnected from the channel tcfchan#5.
09:44:59 INFO  : Connected to target on host '127.0.0.1' and port '3121'.
09:45:00 INFO  : Jtag cable 'Xilinx TUL 1234-tulA' is selected.
09:45:00 INFO  : 'jtag frequency' command is executed.
09:45:00 INFO  : Context for 'APU' is selected.
09:45:00 INFO  : System reset is completed.
09:45:03 INFO  : 'after 3000' command is executed.
09:45:03 INFO  : 'targets -set -filter {jtag_cable_name =~ "Xilinx TUL 1234-tulA" && level==0 && jtag_device_ctx=="jsn-TUL-1234-tulA-23727093-0"}' command is executed.
09:45:05 INFO  : Device configured successfully with "C:/Users/machk/gitkraken/Audio_Processing/LAB4/Vraag3_App/_ide/bitstream/AudioProcessing2.bit"
09:45:06 INFO  : Context for 'APU' is selected.
09:45:06 INFO  : Hardware design and registers information is loaded from 'C:/Users/machk/gitkraken/Audio_Processing/LAB4/AudioProcessing2/export/AudioProcessing2/hw/AudioProcessing2.xsa'.
09:45:06 INFO  : 'configparams force-mem-access 1' command is executed.
09:45:06 INFO  : Context for 'APU' is selected.
09:45:06 INFO  : Sourcing of 'C:/Users/machk/gitkraken/Audio_Processing/LAB4/Vraag3_App/_ide/psinit/ps7_init.tcl' is done.
09:45:06 INFO  : 'ps7_init' command is executed.
09:45:06 INFO  : 'ps7_post_config' command is executed.
09:45:06 INFO  : Context for processor 'ps7_cortexa9_0' is selected.
09:45:06 INFO  : The application 'C:/Users/machk/gitkraken/Audio_Processing/LAB4/Vraag3_App/Debug/Vraag3_App.elf' is downloaded to processor 'ps7_cortexa9_0'.
09:45:06 INFO  : 'configparams force-mem-access 0' command is executed.
09:45:06 INFO  : ----------------XSDB Script----------------
connect -url tcp:127.0.0.1:3121
targets -set -nocase -filter {name =~"APU*"}
rst -system
after 3000
targets -set -filter {jtag_cable_name =~ "Xilinx TUL 1234-tulA" && level==0 && jtag_device_ctx=="jsn-TUL-1234-tulA-23727093-0"}
fpga -file C:/Users/machk/gitkraken/Audio_Processing/LAB4/Vraag3_App/_ide/bitstream/AudioProcessing2.bit
targets -set -nocase -filter {name =~"APU*"}
loadhw -hw C:/Users/machk/gitkraken/Audio_Processing/LAB4/AudioProcessing2/export/AudioProcessing2/hw/AudioProcessing2.xsa -mem-ranges [list {0x40000000 0xbfffffff}] -regs
configparams force-mem-access 1
targets -set -nocase -filter {name =~"APU*"}
source C:/Users/machk/gitkraken/Audio_Processing/LAB4/Vraag3_App/_ide/psinit/ps7_init.tcl
ps7_init
ps7_post_config
targets -set -nocase -filter {name =~ "*A9*#0"}
dow C:/Users/machk/gitkraken/Audio_Processing/LAB4/Vraag3_App/Debug/Vraag3_App.elf
configparams force-mem-access 0
----------------End of Script----------------

09:45:07 INFO  : Context for processor 'ps7_cortexa9_0' is selected.
09:45:07 INFO  : 'con' command is executed.
09:45:07 INFO  : ----------------XSDB Script (After Launch)----------------
targets -set -nocase -filter {name =~ "*A9*#0"}
con
----------------End of Script----------------

09:45:07 INFO  : Launch script is exported to file 'C:\Users\machk\gitkraken\Audio_Processing\LAB4\Vraag3_App_system\_ide\scripts\debugger_vraag3_app-default.tcl'
09:46:07 INFO  : Disconnected from the channel tcfchan#6.
09:46:08 INFO  : Connected to target on host '127.0.0.1' and port '3121'.
09:46:18 INFO  : ----------------XSDB Script----------------
connect -url tcp:127.0.0.1:3121
----------------End of Script----------------

09:46:18 ERROR : Could not find Jtag device on the board for connection 'Local'.


Troubleshooting hints:
1. Check whether board is connected to system properly.
2. In case of zynq board, check whether Digilent/Xilinx cable switch settings are correct.
3. If you are using Xilinx Platform Cable USB, ensure that status LED is green.
09:46:21 INFO  : Connected to target on host '127.0.0.1' and port '3121'.
09:46:21 INFO  : Jtag cable 'Xilinx TUL 1234-tulA' is selected.
09:46:21 INFO  : 'jtag frequency' command is executed.
09:46:22 INFO  : Context for 'APU' is selected.
09:46:22 INFO  : System reset is completed.
09:46:25 INFO  : 'after 3000' command is executed.
09:46:25 INFO  : 'targets -set -filter {jtag_cable_name =~ "Xilinx TUL 1234-tulA" && level==0 && jtag_device_ctx=="jsn-TUL-1234-tulA-23727093-0"}' command is executed.
09:46:27 INFO  : Device configured successfully with "C:/Users/machk/gitkraken/Audio_Processing/LAB4/Vraag3_App/_ide/bitstream/AudioProcessing2.bit"
09:46:27 INFO  : Context for 'APU' is selected.
09:46:27 INFO  : Hardware design and registers information is loaded from 'C:/Users/machk/gitkraken/Audio_Processing/LAB4/AudioProcessing2/export/AudioProcessing2/hw/AudioProcessing2.xsa'.
09:46:27 INFO  : 'configparams force-mem-access 1' command is executed.
09:46:27 INFO  : Context for 'APU' is selected.
09:46:27 INFO  : Sourcing of 'C:/Users/machk/gitkraken/Audio_Processing/LAB4/Vraag3_App/_ide/psinit/ps7_init.tcl' is done.
09:46:28 INFO  : 'ps7_init' command is executed.
09:46:28 INFO  : 'ps7_post_config' command is executed.
09:46:28 INFO  : Context for processor 'ps7_cortexa9_0' is selected.
09:46:28 INFO  : The application 'C:/Users/machk/gitkraken/Audio_Processing/LAB4/Vraag3_App/Debug/Vraag3_App.elf' is downloaded to processor 'ps7_cortexa9_0'.
09:46:28 INFO  : 'configparams force-mem-access 0' command is executed.
09:46:28 INFO  : ----------------XSDB Script----------------
connect -url tcp:127.0.0.1:3121
targets -set -nocase -filter {name =~"APU*"}
rst -system
after 3000
targets -set -filter {jtag_cable_name =~ "Xilinx TUL 1234-tulA" && level==0 && jtag_device_ctx=="jsn-TUL-1234-tulA-23727093-0"}
fpga -file C:/Users/machk/gitkraken/Audio_Processing/LAB4/Vraag3_App/_ide/bitstream/AudioProcessing2.bit
targets -set -nocase -filter {name =~"APU*"}
loadhw -hw C:/Users/machk/gitkraken/Audio_Processing/LAB4/AudioProcessing2/export/AudioProcessing2/hw/AudioProcessing2.xsa -mem-ranges [list {0x40000000 0xbfffffff}] -regs
configparams force-mem-access 1
targets -set -nocase -filter {name =~"APU*"}
source C:/Users/machk/gitkraken/Audio_Processing/LAB4/Vraag3_App/_ide/psinit/ps7_init.tcl
ps7_init
ps7_post_config
targets -set -nocase -filter {name =~ "*A9*#0"}
dow C:/Users/machk/gitkraken/Audio_Processing/LAB4/Vraag3_App/Debug/Vraag3_App.elf
configparams force-mem-access 0
----------------End of Script----------------

09:46:29 INFO  : Context for processor 'ps7_cortexa9_0' is selected.
09:46:29 INFO  : 'con' command is executed.
09:46:29 INFO  : ----------------XSDB Script (After Launch)----------------
targets -set -nocase -filter {name =~ "*A9*#0"}
con
----------------End of Script----------------

09:46:29 INFO  : Launch script is exported to file 'C:\Users\machk\gitkraken\Audio_Processing\LAB4\Vraag3_App_system\_ide\scripts\debugger_vraag3_app-default.tcl'
09:51:38 INFO  : Checking for BSP changes to sync application flags for project 'Vraag3_App'...
09:51:54 INFO  : Disconnected from the channel tcfchan#7.
09:51:55 INFO  : Connected to target on host '127.0.0.1' and port '3121'.
09:52:04 INFO  : ----------------XSDB Script----------------
connect -url tcp:127.0.0.1:3121
----------------End of Script----------------

09:52:04 ERROR : Could not find ARM device on the board for connection 'Local'.
Check if the target is in:
1. Split JTAG - No operations are possible with ARM DAP.
2. Non JTAG bootmode - Bootrom may need time to enable DAP.
Please try again.


Troubleshooting hints:
1. Check whether board is connected to system properly.
2. In case of zynq board, check whether Digilent/Xilinx cable switch settings are correct.
3. If you are using Xilinx Platform Cable USB, ensure that status LED is green.
09:52:08 INFO  : Connected to target on host '127.0.0.1' and port '3121'.
09:52:09 INFO  : Jtag cable 'Xilinx TUL 1234-tulA' is selected.
09:52:09 INFO  : 'jtag frequency' command is executed.
09:52:09 INFO  : Context for 'APU' is selected.
09:52:09 INFO  : System reset is completed.
09:52:12 INFO  : 'after 3000' command is executed.
09:52:12 INFO  : 'targets -set -filter {jtag_cable_name =~ "Xilinx TUL 1234-tulA" && level==0 && jtag_device_ctx=="jsn-TUL-1234-tulA-23727093-0"}' command is executed.
09:52:14 INFO  : Device configured successfully with "C:/Users/machk/gitkraken/Audio_Processing/LAB4/Vraag3_App/_ide/bitstream/AudioProcessing2.bit"
09:52:14 INFO  : Context for 'APU' is selected.
09:52:14 INFO  : Hardware design and registers information is loaded from 'C:/Users/machk/gitkraken/Audio_Processing/LAB4/AudioProcessing2/export/AudioProcessing2/hw/AudioProcessing2.xsa'.
09:52:14 INFO  : 'configparams force-mem-access 1' command is executed.
09:52:14 INFO  : Context for 'APU' is selected.
09:52:14 INFO  : Sourcing of 'C:/Users/machk/gitkraken/Audio_Processing/LAB4/Vraag3_App/_ide/psinit/ps7_init.tcl' is done.
09:52:15 INFO  : 'ps7_init' command is executed.
09:52:15 INFO  : 'ps7_post_config' command is executed.
09:52:15 INFO  : Context for processor 'ps7_cortexa9_0' is selected.
09:52:15 INFO  : The application 'C:/Users/machk/gitkraken/Audio_Processing/LAB4/Vraag3_App/Debug/Vraag3_App.elf' is downloaded to processor 'ps7_cortexa9_0'.
09:52:15 INFO  : 'configparams force-mem-access 0' command is executed.
09:52:15 INFO  : ----------------XSDB Script----------------
connect -url tcp:127.0.0.1:3121
targets -set -nocase -filter {name =~"APU*"}
rst -system
after 3000
targets -set -filter {jtag_cable_name =~ "Xilinx TUL 1234-tulA" && level==0 && jtag_device_ctx=="jsn-TUL-1234-tulA-23727093-0"}
fpga -file C:/Users/machk/gitkraken/Audio_Processing/LAB4/Vraag3_App/_ide/bitstream/AudioProcessing2.bit
targets -set -nocase -filter {name =~"APU*"}
loadhw -hw C:/Users/machk/gitkraken/Audio_Processing/LAB4/AudioProcessing2/export/AudioProcessing2/hw/AudioProcessing2.xsa -mem-ranges [list {0x40000000 0xbfffffff}] -regs
configparams force-mem-access 1
targets -set -nocase -filter {name =~"APU*"}
source C:/Users/machk/gitkraken/Audio_Processing/LAB4/Vraag3_App/_ide/psinit/ps7_init.tcl
ps7_init
ps7_post_config
targets -set -nocase -filter {name =~ "*A9*#0"}
dow C:/Users/machk/gitkraken/Audio_Processing/LAB4/Vraag3_App/Debug/Vraag3_App.elf
configparams force-mem-access 0
----------------End of Script----------------

09:52:16 INFO  : Context for processor 'ps7_cortexa9_0' is selected.
09:52:16 INFO  : 'con' command is executed.
09:52:16 INFO  : ----------------XSDB Script (After Launch)----------------
targets -set -nocase -filter {name =~ "*A9*#0"}
con
----------------End of Script----------------

09:52:16 INFO  : Launch script is exported to file 'C:\Users\machk\gitkraken\Audio_Processing\LAB4\Vraag3_App_system\_ide\scripts\debugger_vraag3_app-default.tcl'
10:03:12 INFO  : Disconnected from the channel tcfchan#8.
10:03:13 INFO  : Connected to target on host '127.0.0.1' and port '3121'.
10:03:14 INFO  : Jtag cable 'Xilinx TUL 1234-tulA' is selected.
10:03:14 INFO  : 'jtag frequency' command is executed.
10:03:14 INFO  : Context for 'APU' is selected.
10:03:14 INFO  : System reset is completed.
10:03:17 INFO  : 'after 3000' command is executed.
10:03:17 INFO  : 'targets -set -filter {jtag_cable_name =~ "Xilinx TUL 1234-tulA" && level==0 && jtag_device_ctx=="jsn-TUL-1234-tulA-23727093-0"}' command is executed.
10:03:19 INFO  : Device configured successfully with "C:/Users/machk/gitkraken/Audio_Processing/LAB4/Vraag3_App/_ide/bitstream/AudioProcessing2.bit"
10:03:19 INFO  : Context for 'APU' is selected.
10:03:19 INFO  : Hardware design and registers information is loaded from 'C:/Users/machk/gitkraken/Audio_Processing/LAB4/AudioProcessing2/export/AudioProcessing2/hw/AudioProcessing2.xsa'.
10:03:19 INFO  : 'configparams force-mem-access 1' command is executed.
10:03:19 INFO  : Context for 'APU' is selected.
10:03:19 INFO  : Sourcing of 'C:/Users/machk/gitkraken/Audio_Processing/LAB4/Vraag3_App/_ide/psinit/ps7_init.tcl' is done.
10:03:20 INFO  : 'ps7_init' command is executed.
10:03:20 INFO  : 'ps7_post_config' command is executed.
10:03:20 INFO  : Context for processor 'ps7_cortexa9_0' is selected.
10:03:21 INFO  : The application 'C:/Users/machk/gitkraken/Audio_Processing/LAB4/Vraag3_App/Debug/Vraag3_App.elf' is downloaded to processor 'ps7_cortexa9_0'.
10:03:21 INFO  : 'configparams force-mem-access 0' command is executed.
10:03:21 INFO  : ----------------XSDB Script----------------
connect -url tcp:127.0.0.1:3121
targets -set -nocase -filter {name =~"APU*"}
rst -system
after 3000
targets -set -filter {jtag_cable_name =~ "Xilinx TUL 1234-tulA" && level==0 && jtag_device_ctx=="jsn-TUL-1234-tulA-23727093-0"}
fpga -file C:/Users/machk/gitkraken/Audio_Processing/LAB4/Vraag3_App/_ide/bitstream/AudioProcessing2.bit
targets -set -nocase -filter {name =~"APU*"}
loadhw -hw C:/Users/machk/gitkraken/Audio_Processing/LAB4/AudioProcessing2/export/AudioProcessing2/hw/AudioProcessing2.xsa -mem-ranges [list {0x40000000 0xbfffffff}] -regs
configparams force-mem-access 1
targets -set -nocase -filter {name =~"APU*"}
source C:/Users/machk/gitkraken/Audio_Processing/LAB4/Vraag3_App/_ide/psinit/ps7_init.tcl
ps7_init
ps7_post_config
targets -set -nocase -filter {name =~ "*A9*#0"}
dow C:/Users/machk/gitkraken/Audio_Processing/LAB4/Vraag3_App/Debug/Vraag3_App.elf
configparams force-mem-access 0
----------------End of Script----------------

10:03:21 INFO  : Context for processor 'ps7_cortexa9_0' is selected.
10:03:21 INFO  : 'con' command is executed.
10:03:21 INFO  : ----------------XSDB Script (After Launch)----------------
targets -set -nocase -filter {name =~ "*A9*#0"}
con
----------------End of Script----------------

10:03:21 INFO  : Launch script is exported to file 'C:\Users\machk\gitkraken\Audio_Processing\LAB4\Vraag3_App_system\_ide\scripts\debugger_vraag3_app-default.tcl'
10:07:44 INFO  : Disconnected from the channel tcfchan#9.
10:07:45 INFO  : Connected to target on host '127.0.0.1' and port '3121'.
10:07:54 INFO  : ----------------XSDB Script----------------
connect -url tcp:127.0.0.1:3121
----------------End of Script----------------

10:07:54 ERROR : Could not find ARM device on the board for connection 'Local'.
Check if the target is in:
1. Split JTAG - No operations are possible with ARM DAP.
2. Non JTAG bootmode - Bootrom may need time to enable DAP.
Please try again.


Troubleshooting hints:
1. Check whether board is connected to system properly.
2. In case of zynq board, check whether Digilent/Xilinx cable switch settings are correct.
3. If you are using Xilinx Platform Cable USB, ensure that status LED is green.
10:07:58 INFO  : Connected to target on host '127.0.0.1' and port '3121'.
10:07:59 INFO  : Jtag cable 'Xilinx TUL 1234-tulA' is selected.
10:07:59 INFO  : 'jtag frequency' command is executed.
10:07:59 INFO  : Context for 'APU' is selected.
10:07:59 INFO  : System reset is completed.
10:08:02 INFO  : 'after 3000' command is executed.
10:08:02 INFO  : 'targets -set -filter {jtag_cable_name =~ "Xilinx TUL 1234-tulA" && level==0 && jtag_device_ctx=="jsn-TUL-1234-tulA-23727093-0"}' command is executed.
10:08:04 INFO  : Device configured successfully with "C:/Users/machk/gitkraken/Audio_Processing/LAB4/Vraag3_App/_ide/bitstream/AudioProcessing2.bit"
10:08:04 INFO  : Context for 'APU' is selected.
10:08:04 INFO  : Hardware design and registers information is loaded from 'C:/Users/machk/gitkraken/Audio_Processing/LAB4/AudioProcessing2/export/AudioProcessing2/hw/AudioProcessing2.xsa'.
10:08:04 INFO  : 'configparams force-mem-access 1' command is executed.
10:08:04 INFO  : Context for 'APU' is selected.
10:08:04 INFO  : Sourcing of 'C:/Users/machk/gitkraken/Audio_Processing/LAB4/Vraag3_App/_ide/psinit/ps7_init.tcl' is done.
10:08:05 INFO  : 'ps7_init' command is executed.
10:08:05 INFO  : 'ps7_post_config' command is executed.
10:08:05 INFO  : Context for processor 'ps7_cortexa9_0' is selected.
10:08:06 INFO  : The application 'C:/Users/machk/gitkraken/Audio_Processing/LAB4/Vraag3_App/Debug/Vraag3_App.elf' is downloaded to processor 'ps7_cortexa9_0'.
10:08:06 INFO  : 'configparams force-mem-access 0' command is executed.
10:08:06 INFO  : ----------------XSDB Script----------------
connect -url tcp:127.0.0.1:3121
targets -set -nocase -filter {name =~"APU*"}
rst -system
after 3000
targets -set -filter {jtag_cable_name =~ "Xilinx TUL 1234-tulA" && level==0 && jtag_device_ctx=="jsn-TUL-1234-tulA-23727093-0"}
fpga -file C:/Users/machk/gitkraken/Audio_Processing/LAB4/Vraag3_App/_ide/bitstream/AudioProcessing2.bit
targets -set -nocase -filter {name =~"APU*"}
loadhw -hw C:/Users/machk/gitkraken/Audio_Processing/LAB4/AudioProcessing2/export/AudioProcessing2/hw/AudioProcessing2.xsa -mem-ranges [list {0x40000000 0xbfffffff}] -regs
configparams force-mem-access 1
targets -set -nocase -filter {name =~"APU*"}
source C:/Users/machk/gitkraken/Audio_Processing/LAB4/Vraag3_App/_ide/psinit/ps7_init.tcl
ps7_init
ps7_post_config
targets -set -nocase -filter {name =~ "*A9*#0"}
dow C:/Users/machk/gitkraken/Audio_Processing/LAB4/Vraag3_App/Debug/Vraag3_App.elf
configparams force-mem-access 0
----------------End of Script----------------

10:08:06 INFO  : Context for processor 'ps7_cortexa9_0' is selected.
10:08:06 INFO  : 'con' command is executed.
10:08:06 INFO  : ----------------XSDB Script (After Launch)----------------
targets -set -nocase -filter {name =~ "*A9*#0"}
con
----------------End of Script----------------

10:08:06 INFO  : Launch script is exported to file 'C:\Users\machk\gitkraken\Audio_Processing\LAB4\Vraag3_App_system\_ide\scripts\debugger_vraag3_app-default.tcl'
10:09:07 INFO  : Checking for BSP changes to sync application flags for project 'Vraag3_App'...
10:09:24 INFO  : Disconnected from the channel tcfchan#10.
10:09:25 INFO  : Connected to target on host '127.0.0.1' and port '3121'.
10:09:34 INFO  : ----------------XSDB Script----------------
connect -url tcp:127.0.0.1:3121
----------------End of Script----------------

10:09:34 ERROR : Could not find ARM device on the board for connection 'Local'.
Check if the target is in:
1. Split JTAG - No operations are possible with ARM DAP.
2. Non JTAG bootmode - Bootrom may need time to enable DAP.
Please try again.


Troubleshooting hints:
1. Check whether board is connected to system properly.
2. In case of zynq board, check whether Digilent/Xilinx cable switch settings are correct.
3. If you are using Xilinx Platform Cable USB, ensure that status LED is green.
10:09:38 INFO  : Connected to target on host '127.0.0.1' and port '3121'.
10:09:38 INFO  : Jtag cable 'Xilinx TUL 1234-tulA' is selected.
10:09:38 INFO  : 'jtag frequency' command is executed.
10:09:38 INFO  : Context for 'APU' is selected.
10:09:38 INFO  : System reset is completed.
10:09:41 INFO  : 'after 3000' command is executed.
10:09:41 INFO  : 'targets -set -filter {jtag_cable_name =~ "Xilinx TUL 1234-tulA" && level==0 && jtag_device_ctx=="jsn-TUL-1234-tulA-23727093-0"}' command is executed.
10:09:44 INFO  : Device configured successfully with "C:/Users/machk/gitkraken/Audio_Processing/LAB4/Vraag3_App/_ide/bitstream/AudioProcessing2.bit"
10:09:44 INFO  : Context for 'APU' is selected.
10:09:44 INFO  : Hardware design and registers information is loaded from 'C:/Users/machk/gitkraken/Audio_Processing/LAB4/AudioProcessing2/export/AudioProcessing2/hw/AudioProcessing2.xsa'.
10:09:44 INFO  : 'configparams force-mem-access 1' command is executed.
10:09:44 INFO  : Context for 'APU' is selected.
10:09:44 INFO  : Sourcing of 'C:/Users/machk/gitkraken/Audio_Processing/LAB4/Vraag3_App/_ide/psinit/ps7_init.tcl' is done.
10:09:45 INFO  : 'ps7_init' command is executed.
10:09:45 INFO  : 'ps7_post_config' command is executed.
10:09:45 INFO  : Context for processor 'ps7_cortexa9_0' is selected.
10:09:45 INFO  : The application 'C:/Users/machk/gitkraken/Audio_Processing/LAB4/Vraag3_App/Debug/Vraag3_App.elf' is downloaded to processor 'ps7_cortexa9_0'.
10:09:45 INFO  : 'configparams force-mem-access 0' command is executed.
10:09:45 INFO  : ----------------XSDB Script----------------
connect -url tcp:127.0.0.1:3121
targets -set -nocase -filter {name =~"APU*"}
rst -system
after 3000
targets -set -filter {jtag_cable_name =~ "Xilinx TUL 1234-tulA" && level==0 && jtag_device_ctx=="jsn-TUL-1234-tulA-23727093-0"}
fpga -file C:/Users/machk/gitkraken/Audio_Processing/LAB4/Vraag3_App/_ide/bitstream/AudioProcessing2.bit
targets -set -nocase -filter {name =~"APU*"}
loadhw -hw C:/Users/machk/gitkraken/Audio_Processing/LAB4/AudioProcessing2/export/AudioProcessing2/hw/AudioProcessing2.xsa -mem-ranges [list {0x40000000 0xbfffffff}] -regs
configparams force-mem-access 1
targets -set -nocase -filter {name =~"APU*"}
source C:/Users/machk/gitkraken/Audio_Processing/LAB4/Vraag3_App/_ide/psinit/ps7_init.tcl
ps7_init
ps7_post_config
targets -set -nocase -filter {name =~ "*A9*#0"}
dow C:/Users/machk/gitkraken/Audio_Processing/LAB4/Vraag3_App/Debug/Vraag3_App.elf
configparams force-mem-access 0
----------------End of Script----------------

10:09:45 INFO  : Context for processor 'ps7_cortexa9_0' is selected.
10:09:45 INFO  : 'con' command is executed.
10:09:45 INFO  : ----------------XSDB Script (After Launch)----------------
targets -set -nocase -filter {name =~ "*A9*#0"}
con
----------------End of Script----------------

10:09:45 INFO  : Launch script is exported to file 'C:\Users\machk\gitkraken\Audio_Processing\LAB4\Vraag3_App_system\_ide\scripts\debugger_vraag3_app-default.tcl'
10:10:15 INFO  : Disconnected from the channel tcfchan#12.
10:10:28 INFO  : Checking for BSP changes to sync application flags for project 'Vraag3_App'...
10:10:38 INFO  : Connected to target on host '127.0.0.1' and port '3121'.
10:10:40 INFO  : Jtag cable 'Xilinx TUL 1234-tulA' is selected.
10:10:40 INFO  : 'jtag frequency' command is executed.
10:10:40 INFO  : Context for 'APU' is selected.
10:10:40 INFO  : System reset is completed.
10:10:43 INFO  : 'after 3000' command is executed.
10:10:44 INFO  : 'targets -set -filter {jtag_cable_name =~ "Xilinx TUL 1234-tulA" && level==0 && jtag_device_ctx=="jsn-TUL-1234-tulA-23727093-0"}' command is executed.
10:10:47 INFO  : Device configured successfully with "C:/Users/machk/gitkraken/Audio_Processing/LAB4/Vraag3_App/_ide/bitstream/AudioProcessing2.bit"
10:10:47 INFO  : Context for 'APU' is selected.
10:10:48 INFO  : Hardware design and registers information is loaded from 'C:/Users/machk/gitkraken/Audio_Processing/LAB4/AudioProcessing2/export/AudioProcessing2/hw/AudioProcessing2.xsa'.
10:10:48 INFO  : 'configparams force-mem-access 1' command is executed.
10:10:48 INFO  : Context for 'APU' is selected.
10:10:48 INFO  : Sourcing of 'C:/Users/machk/gitkraken/Audio_Processing/LAB4/Vraag3_App/_ide/psinit/ps7_init.tcl' is done.
10:10:49 INFO  : 'ps7_init' command is executed.
10:10:49 INFO  : 'ps7_post_config' command is executed.
10:10:49 INFO  : Context for processor 'ps7_cortexa9_0' is selected.
10:10:50 INFO  : The application 'C:/Users/machk/gitkraken/Audio_Processing/LAB4/Vraag3_App/Debug/Vraag3_App.elf' is downloaded to processor 'ps7_cortexa9_0'.
10:10:50 INFO  : 'configparams force-mem-access 0' command is executed.
10:10:50 INFO  : ----------------XSDB Script----------------
connect -url tcp:127.0.0.1:3121
targets -set -nocase -filter {name =~"APU*"}
rst -system
after 3000
targets -set -filter {jtag_cable_name =~ "Xilinx TUL 1234-tulA" && level==0 && jtag_device_ctx=="jsn-TUL-1234-tulA-23727093-0"}
fpga -file C:/Users/machk/gitkraken/Audio_Processing/LAB4/Vraag3_App/_ide/bitstream/AudioProcessing2.bit
targets -set -nocase -filter {name =~"APU*"}
loadhw -hw C:/Users/machk/gitkraken/Audio_Processing/LAB4/AudioProcessing2/export/AudioProcessing2/hw/AudioProcessing2.xsa -mem-ranges [list {0x40000000 0xbfffffff}] -regs
configparams force-mem-access 1
targets -set -nocase -filter {name =~"APU*"}
source C:/Users/machk/gitkraken/Audio_Processing/LAB4/Vraag3_App/_ide/psinit/ps7_init.tcl
ps7_init
ps7_post_config
targets -set -nocase -filter {name =~ "*A9*#0"}
dow C:/Users/machk/gitkraken/Audio_Processing/LAB4/Vraag3_App/Debug/Vraag3_App.elf
configparams force-mem-access 0
----------------End of Script----------------

10:10:50 INFO  : Context for processor 'ps7_cortexa9_0' is selected.
10:10:50 INFO  : 'con' command is executed.
10:10:50 INFO  : ----------------XSDB Script (After Launch)----------------
targets -set -nocase -filter {name =~ "*A9*#0"}
con
----------------End of Script----------------

10:10:50 INFO  : Launch script is exported to file 'C:\Users\machk\gitkraken\Audio_Processing\LAB4\Vraag3_App_system\_ide\scripts\debugger_vraag3_app-default.tcl'
10:12:18 INFO  : Disconnected from the channel tcfchan#13.
10:18:55 INFO  : Connected to target on host '127.0.0.1' and port '3121'.
10:18:57 INFO  : Jtag cable 'Xilinx TUL 1234-tulA' is selected.
10:18:57 INFO  : 'jtag frequency' command is executed.
10:18:57 INFO  : Context for 'APU' is selected.
10:18:57 INFO  : System reset is completed.
10:18:58 INFO  : Checking for BSP changes to sync application flags for project 'Vraag3_App'...
10:19:00 INFO  : 'after 3000' command is executed.
10:19:01 INFO  : 'targets -set -filter {jtag_cable_name =~ "Xilinx TUL 1234-tulA" && level==0 && jtag_device_ctx=="jsn-TUL-1234-tulA-23727093-0"}' command is executed.
10:19:04 INFO  : Device configured successfully with "C:/Users/machk/gitkraken/Audio_Processing/LAB4/Vraag3_App/_ide/bitstream/AudioProcessing2.bit"
10:19:05 INFO  : Context for 'APU' is selected.
10:19:05 INFO  : Hardware design and registers information is loaded from 'C:/Users/machk/gitkraken/Audio_Processing/LAB4/AudioProcessing2/export/AudioProcessing2/hw/AudioProcessing2.xsa'.
10:19:05 INFO  : 'configparams force-mem-access 1' command is executed.
10:19:05 INFO  : Context for 'APU' is selected.
10:19:05 INFO  : Sourcing of 'C:/Users/machk/gitkraken/Audio_Processing/LAB4/Vraag3_App/_ide/psinit/ps7_init.tcl' is done.
10:19:06 INFO  : 'ps7_init' command is executed.
10:19:06 INFO  : 'ps7_post_config' command is executed.
10:19:06 INFO  : Context for processor 'ps7_cortexa9_0' is selected.
10:19:07 INFO  : The application 'C:/Users/machk/gitkraken/Audio_Processing/LAB4/Vraag3_App/Debug/Vraag3_App.elf' is downloaded to processor 'ps7_cortexa9_0'.
10:19:07 INFO  : 'configparams force-mem-access 0' command is executed.
10:19:07 INFO  : ----------------XSDB Script----------------
connect -url tcp:127.0.0.1:3121
targets -set -nocase -filter {name =~"APU*"}
rst -system
after 3000
targets -set -filter {jtag_cable_name =~ "Xilinx TUL 1234-tulA" && level==0 && jtag_device_ctx=="jsn-TUL-1234-tulA-23727093-0"}
fpga -file C:/Users/machk/gitkraken/Audio_Processing/LAB4/Vraag3_App/_ide/bitstream/AudioProcessing2.bit
targets -set -nocase -filter {name =~"APU*"}
loadhw -hw C:/Users/machk/gitkraken/Audio_Processing/LAB4/AudioProcessing2/export/AudioProcessing2/hw/AudioProcessing2.xsa -mem-ranges [list {0x40000000 0xbfffffff}] -regs
configparams force-mem-access 1
targets -set -nocase -filter {name =~"APU*"}
source C:/Users/machk/gitkraken/Audio_Processing/LAB4/Vraag3_App/_ide/psinit/ps7_init.tcl
ps7_init
ps7_post_config
targets -set -nocase -filter {name =~ "*A9*#0"}
dow C:/Users/machk/gitkraken/Audio_Processing/LAB4/Vraag3_App/Debug/Vraag3_App.elf
configparams force-mem-access 0
----------------End of Script----------------

10:19:07 INFO  : Context for processor 'ps7_cortexa9_0' is selected.
10:19:07 INFO  : 'con' command is executed.
10:19:07 INFO  : ----------------XSDB Script (After Launch)----------------
targets -set -nocase -filter {name =~ "*A9*#0"}
con
----------------End of Script----------------

10:19:07 INFO  : Launch script is exported to file 'C:\Users\machk\gitkraken\Audio_Processing\LAB4\Vraag3_App_system\_ide\scripts\debugger_vraag3_app-default.tcl'
10:21:52 INFO  : Checking for BSP changes to sync application flags for project 'Vraag3_App'...
10:22:00 INFO  : Result from executing command 'removePlatformRepo': 
10:22:21 INFO  : Result from executing command 'getProjects': AudioProcessing2
10:22:21 INFO  : Result from executing command 'getPlatforms': 
10:22:21 INFO  : Checking for BSP changes to sync application flags for project 'Vraag3_App'...
10:23:18 INFO  : Disconnected from the channel tcfchan#14.
10:24:45 INFO  : Checking for BSP changes to sync application flags for project 'Vraag3_App'...
10:25:12 INFO  : Connected to target on host '127.0.0.1' and port '3121'.
10:25:14 INFO  : Jtag cable 'Xilinx TUL 1234-tulA' is selected.
10:25:14 INFO  : 'jtag frequency' command is executed.
10:25:15 INFO  : Context for 'APU' is selected.
10:25:16 INFO  : System reset is completed.
10:25:19 INFO  : 'after 3000' command is executed.
10:25:20 INFO  : 'targets -set -filter {jtag_cable_name =~ "Xilinx TUL 1234-tulA" && level==0 && jtag_device_ctx=="jsn-TUL-1234-tulA-23727093-0"}' command is executed.
10:25:23 INFO  : Device configured successfully with "C:/Users/machk/gitkraken/Audio_Processing/LAB4/Vraag3_App/_ide/bitstream/AudioProcessing2.bit"
10:25:23 INFO  : Context for 'APU' is selected.
10:25:23 INFO  : Hardware design and registers information is loaded from 'C:/Users/machk/gitkraken/Audio_Processing/LAB4/AudioProcessing2/export/AudioProcessing2/hw/AudioProcessing2.xsa'.
10:25:23 INFO  : 'configparams force-mem-access 1' command is executed.
10:25:23 INFO  : Context for 'APU' is selected.
10:25:23 INFO  : Sourcing of 'C:/Users/machk/gitkraken/Audio_Processing/LAB4/Vraag3_App/_ide/psinit/ps7_init.tcl' is done.
10:25:24 INFO  : 'ps7_init' command is executed.
10:25:24 INFO  : 'ps7_post_config' command is executed.
10:25:24 INFO  : Context for processor 'ps7_cortexa9_0' is selected.
10:25:24 INFO  : The application 'C:/Users/machk/gitkraken/Audio_Processing/LAB4/Vraag3_App/Debug/Vraag3_App.elf' is downloaded to processor 'ps7_cortexa9_0'.
10:25:24 INFO  : 'configparams force-mem-access 0' command is executed.
10:25:24 INFO  : ----------------XSDB Script----------------
connect -url tcp:127.0.0.1:3121
targets -set -nocase -filter {name =~"APU*"}
rst -system
after 3000
targets -set -filter {jtag_cable_name =~ "Xilinx TUL 1234-tulA" && level==0 && jtag_device_ctx=="jsn-TUL-1234-tulA-23727093-0"}
fpga -file C:/Users/machk/gitkraken/Audio_Processing/LAB4/Vraag3_App/_ide/bitstream/AudioProcessing2.bit
targets -set -nocase -filter {name =~"APU*"}
loadhw -hw C:/Users/machk/gitkraken/Audio_Processing/LAB4/AudioProcessing2/export/AudioProcessing2/hw/AudioProcessing2.xsa -mem-ranges [list {0x40000000 0xbfffffff}] -regs
configparams force-mem-access 1
targets -set -nocase -filter {name =~"APU*"}
source C:/Users/machk/gitkraken/Audio_Processing/LAB4/Vraag3_App/_ide/psinit/ps7_init.tcl
ps7_init
ps7_post_config
targets -set -nocase -filter {name =~ "*A9*#0"}
dow C:/Users/machk/gitkraken/Audio_Processing/LAB4/Vraag3_App/Debug/Vraag3_App.elf
configparams force-mem-access 0
----------------End of Script----------------

10:25:24 INFO  : Context for processor 'ps7_cortexa9_0' is selected.
10:25:24 INFO  : 'con' command is executed.
10:25:24 INFO  : ----------------XSDB Script (After Launch)----------------
targets -set -nocase -filter {name =~ "*A9*#0"}
con
----------------End of Script----------------

10:25:24 INFO  : Launch script is exported to file 'C:\Users\machk\gitkraken\Audio_Processing\LAB4\Vraag3_App_system\_ide\scripts\debugger_vraag3_app-default.tcl'
10:36:48 INFO  : Checking for BSP changes to sync application flags for project 'Vraag3_App'...
10:36:50 INFO  : Disconnected from the channel tcfchan#17.
10:36:56 INFO  : Checking for BSP changes to sync application flags for project 'Vraag3_App'...
10:37:18 INFO  : Connected to target on host '127.0.0.1' and port '3121'.
10:37:20 INFO  : Jtag cable 'Xilinx TUL 1234-tulA' is selected.
10:37:20 INFO  : 'jtag frequency' command is executed.
10:37:22 INFO  : Context for 'APU' is selected.
10:37:22 INFO  : System reset is completed.
10:37:25 INFO  : 'after 3000' command is executed.
10:37:27 INFO  : 'targets -set -filter {jtag_cable_name =~ "Xilinx TUL 1234-tulA" && level==0 && jtag_device_ctx=="jsn-TUL-1234-tulA-23727093-0"}' command is executed.
10:37:30 INFO  : Device configured successfully with "C:/Users/machk/gitkraken/Audio_Processing/LAB4/Vraag3_App/_ide/bitstream/AudioProcessing2.bit"
10:37:30 INFO  : Context for 'APU' is selected.
10:37:30 INFO  : Hardware design and registers information is loaded from 'C:/Users/machk/gitkraken/Audio_Processing/LAB4/AudioProcessing2/export/AudioProcessing2/hw/AudioProcessing2.xsa'.
10:37:30 INFO  : 'configparams force-mem-access 1' command is executed.
10:37:30 INFO  : Context for 'APU' is selected.
10:37:30 INFO  : Sourcing of 'C:/Users/machk/gitkraken/Audio_Processing/LAB4/Vraag3_App/_ide/psinit/ps7_init.tcl' is done.
10:37:31 INFO  : 'ps7_init' command is executed.
10:37:31 INFO  : 'ps7_post_config' command is executed.
10:37:31 INFO  : Context for processor 'ps7_cortexa9_0' is selected.
10:37:32 INFO  : The application 'C:/Users/machk/gitkraken/Audio_Processing/LAB4/Vraag3_App/Debug/Vraag3_App.elf' is downloaded to processor 'ps7_cortexa9_0'.
10:37:32 INFO  : 'configparams force-mem-access 0' command is executed.
10:37:32 INFO  : ----------------XSDB Script----------------
connect -url tcp:127.0.0.1:3121
targets -set -nocase -filter {name =~"APU*"}
rst -system
after 3000
targets -set -filter {jtag_cable_name =~ "Xilinx TUL 1234-tulA" && level==0 && jtag_device_ctx=="jsn-TUL-1234-tulA-23727093-0"}
fpga -file C:/Users/machk/gitkraken/Audio_Processing/LAB4/Vraag3_App/_ide/bitstream/AudioProcessing2.bit
targets -set -nocase -filter {name =~"APU*"}
loadhw -hw C:/Users/machk/gitkraken/Audio_Processing/LAB4/AudioProcessing2/export/AudioProcessing2/hw/AudioProcessing2.xsa -mem-ranges [list {0x40000000 0xbfffffff}] -regs
configparams force-mem-access 1
targets -set -nocase -filter {name =~"APU*"}
source C:/Users/machk/gitkraken/Audio_Processing/LAB4/Vraag3_App/_ide/psinit/ps7_init.tcl
ps7_init
ps7_post_config
targets -set -nocase -filter {name =~ "*A9*#0"}
dow C:/Users/machk/gitkraken/Audio_Processing/LAB4/Vraag3_App/Debug/Vraag3_App.elf
configparams force-mem-access 0
----------------End of Script----------------

10:37:32 INFO  : Context for processor 'ps7_cortexa9_0' is selected.
10:37:32 INFO  : 'con' command is executed.
10:37:32 INFO  : ----------------XSDB Script (After Launch)----------------
targets -set -nocase -filter {name =~ "*A9*#0"}
con
----------------End of Script----------------

10:37:32 INFO  : Launch script is exported to file 'C:\Users\machk\gitkraken\Audio_Processing\LAB4\Vraag3_App_system\_ide\scripts\debugger_vraag3_app-default.tcl'
10:47:23 INFO  : Disconnected from the channel tcfchan#18.
10:47:37 INFO  : Connected to target on host '127.0.0.1' and port '3121'.
10:47:38 INFO  : Jtag cable 'Xilinx TUL 1234-tulA' is selected.
10:47:38 INFO  : 'jtag frequency' command is executed.
10:47:39 INFO  : Context for 'APU' is selected.
10:47:39 INFO  : System reset is completed.
10:47:42 INFO  : 'after 3000' command is executed.
10:47:43 INFO  : 'targets -set -filter {jtag_cable_name =~ "Xilinx TUL 1234-tulA" && level==0 && jtag_device_ctx=="jsn-TUL-1234-tulA-23727093-0"}' command is executed.
10:47:46 INFO  : Device configured successfully with "C:/Users/machk/gitkraken/Audio_Processing/LAB4/Vraag3_App/_ide/bitstream/AudioProcessing2.bit"
10:47:47 INFO  : Context for 'APU' is selected.
10:47:47 INFO  : Hardware design and registers information is loaded from 'C:/Users/machk/gitkraken/Audio_Processing/LAB4/AudioProcessing2/export/AudioProcessing2/hw/AudioProcessing2.xsa'.
10:47:47 INFO  : 'configparams force-mem-access 1' command is executed.
10:47:47 INFO  : Context for 'APU' is selected.
10:47:47 INFO  : Sourcing of 'C:/Users/machk/gitkraken/Audio_Processing/LAB4/Vraag3_App/_ide/psinit/ps7_init.tcl' is done.
10:47:48 INFO  : 'ps7_init' command is executed.
10:47:48 INFO  : 'ps7_post_config' command is executed.
10:47:48 INFO  : Context for processor 'ps7_cortexa9_0' is selected.
10:47:48 INFO  : The application 'C:/Users/machk/gitkraken/Audio_Processing/LAB4/Vraag3_App/Debug/Vraag3_App.elf' is downloaded to processor 'ps7_cortexa9_0'.
10:47:48 INFO  : 'configparams force-mem-access 0' command is executed.
10:47:48 INFO  : ----------------XSDB Script----------------
connect -url tcp:127.0.0.1:3121
targets -set -nocase -filter {name =~"APU*"}
rst -system
after 3000
targets -set -filter {jtag_cable_name =~ "Xilinx TUL 1234-tulA" && level==0 && jtag_device_ctx=="jsn-TUL-1234-tulA-23727093-0"}
fpga -file C:/Users/machk/gitkraken/Audio_Processing/LAB4/Vraag3_App/_ide/bitstream/AudioProcessing2.bit
targets -set -nocase -filter {name =~"APU*"}
loadhw -hw C:/Users/machk/gitkraken/Audio_Processing/LAB4/AudioProcessing2/export/AudioProcessing2/hw/AudioProcessing2.xsa -mem-ranges [list {0x40000000 0xbfffffff}] -regs
configparams force-mem-access 1
targets -set -nocase -filter {name =~"APU*"}
source C:/Users/machk/gitkraken/Audio_Processing/LAB4/Vraag3_App/_ide/psinit/ps7_init.tcl
ps7_init
ps7_post_config
targets -set -nocase -filter {name =~ "*A9*#0"}
dow C:/Users/machk/gitkraken/Audio_Processing/LAB4/Vraag3_App/Debug/Vraag3_App.elf
configparams force-mem-access 0
----------------End of Script----------------

10:47:48 INFO  : Context for processor 'ps7_cortexa9_0' is selected.
10:47:48 INFO  : 'con' command is executed.
10:47:48 INFO  : ----------------XSDB Script (After Launch)----------------
targets -set -nocase -filter {name =~ "*A9*#0"}
con
----------------End of Script----------------

10:47:48 INFO  : Launch script is exported to file 'C:\Users\machk\gitkraken\Audio_Processing\LAB4\Vraag3_App_system\_ide\scripts\debugger_vraag3_app-default.tcl'
10:48:14 INFO  : Disconnected from the channel tcfchan#19.
10:48:22 INFO  : Checking for BSP changes to sync application flags for project 'Vraag3_App'...
10:48:29 INFO  : Connected to target on host '127.0.0.1' and port '3121'.
10:48:31 INFO  : Jtag cable 'Xilinx TUL 1234-tulA' is selected.
10:48:31 INFO  : 'jtag frequency' command is executed.
10:48:31 INFO  : Context for 'APU' is selected.
10:48:31 INFO  : System reset is completed.
10:48:34 INFO  : 'after 3000' command is executed.
10:48:35 INFO  : 'targets -set -filter {jtag_cable_name =~ "Xilinx TUL 1234-tulA" && level==0 && jtag_device_ctx=="jsn-TUL-1234-tulA-23727093-0"}' command is executed.
10:48:38 INFO  : Device configured successfully with "C:/Users/machk/gitkraken/Audio_Processing/LAB4/Vraag3_App/_ide/bitstream/AudioProcessing2.bit"
10:48:38 INFO  : Context for 'APU' is selected.
10:48:38 INFO  : Hardware design and registers information is loaded from 'C:/Users/machk/gitkraken/Audio_Processing/LAB4/AudioProcessing2/export/AudioProcessing2/hw/AudioProcessing2.xsa'.
10:48:38 INFO  : 'configparams force-mem-access 1' command is executed.
10:48:38 INFO  : Context for 'APU' is selected.
10:48:38 INFO  : Sourcing of 'C:/Users/machk/gitkraken/Audio_Processing/LAB4/Vraag3_App/_ide/psinit/ps7_init.tcl' is done.
10:48:39 INFO  : 'ps7_init' command is executed.
10:48:39 INFO  : 'ps7_post_config' command is executed.
10:48:40 INFO  : Context for processor 'ps7_cortexa9_0' is selected.
10:48:40 INFO  : The application 'C:/Users/machk/gitkraken/Audio_Processing/LAB4/Vraag3_App/Debug/Vraag3_App.elf' is downloaded to processor 'ps7_cortexa9_0'.
10:48:40 INFO  : 'configparams force-mem-access 0' command is executed.
10:48:40 INFO  : ----------------XSDB Script----------------
connect -url tcp:127.0.0.1:3121
targets -set -nocase -filter {name =~"APU*"}
rst -system
after 3000
targets -set -filter {jtag_cable_name =~ "Xilinx TUL 1234-tulA" && level==0 && jtag_device_ctx=="jsn-TUL-1234-tulA-23727093-0"}
fpga -file C:/Users/machk/gitkraken/Audio_Processing/LAB4/Vraag3_App/_ide/bitstream/AudioProcessing2.bit
targets -set -nocase -filter {name =~"APU*"}
loadhw -hw C:/Users/machk/gitkraken/Audio_Processing/LAB4/AudioProcessing2/export/AudioProcessing2/hw/AudioProcessing2.xsa -mem-ranges [list {0x40000000 0xbfffffff}] -regs
configparams force-mem-access 1
targets -set -nocase -filter {name =~"APU*"}
source C:/Users/machk/gitkraken/Audio_Processing/LAB4/Vraag3_App/_ide/psinit/ps7_init.tcl
ps7_init
ps7_post_config
targets -set -nocase -filter {name =~ "*A9*#0"}
dow C:/Users/machk/gitkraken/Audio_Processing/LAB4/Vraag3_App/Debug/Vraag3_App.elf
configparams force-mem-access 0
----------------End of Script----------------

10:48:40 INFO  : Context for processor 'ps7_cortexa9_0' is selected.
10:48:40 INFO  : 'con' command is executed.
10:48:40 INFO  : ----------------XSDB Script (After Launch)----------------
targets -set -nocase -filter {name =~ "*A9*#0"}
con
----------------End of Script----------------

10:48:40 INFO  : Launch script is exported to file 'C:\Users\machk\gitkraken\Audio_Processing\LAB4\Vraag3_App_system\_ide\scripts\debugger_vraag3_app-default.tcl'
10:50:08 INFO  : Disconnected from the channel tcfchan#20.
10:50:09 INFO  : Connected to target on host '127.0.0.1' and port '3121'.
10:50:11 INFO  : Jtag cable 'Xilinx TUL 1234-tulA' is selected.
10:50:11 INFO  : 'jtag frequency' command is executed.
10:50:11 INFO  : Context for 'APU' is selected.
10:50:11 INFO  : System reset is completed.
10:50:14 INFO  : 'after 3000' command is executed.
10:50:14 INFO  : 'targets -set -filter {jtag_cable_name =~ "Xilinx TUL 1234-tulA" && level==0 && jtag_device_ctx=="jsn-TUL-1234-tulA-23727093-0"}' command is executed.
10:50:17 INFO  : Device configured successfully with "C:/Users/machk/gitkraken/Audio_Processing/LAB4/Vraag3_App/_ide/bitstream/AudioProcessing2.bit"
10:50:17 INFO  : Context for 'APU' is selected.
10:50:17 INFO  : Hardware design and registers information is loaded from 'C:/Users/machk/gitkraken/Audio_Processing/LAB4/AudioProcessing2/export/AudioProcessing2/hw/AudioProcessing2.xsa'.
10:50:17 INFO  : 'configparams force-mem-access 1' command is executed.
10:50:17 INFO  : Context for 'APU' is selected.
10:50:17 INFO  : Sourcing of 'C:/Users/machk/gitkraken/Audio_Processing/LAB4/Vraag3_App/_ide/psinit/ps7_init.tcl' is done.
10:50:17 INFO  : 'ps7_init' command is executed.
10:50:17 INFO  : 'ps7_post_config' command is executed.
10:50:17 INFO  : Context for processor 'ps7_cortexa9_0' is selected.
10:50:18 INFO  : The application 'C:/Users/machk/gitkraken/Audio_Processing/LAB4/Vraag3_App/Debug/Vraag3_App.elf' is downloaded to processor 'ps7_cortexa9_0'.
10:50:18 INFO  : 'configparams force-mem-access 0' command is executed.
10:50:18 INFO  : ----------------XSDB Script----------------
connect -url tcp:127.0.0.1:3121
targets -set -nocase -filter {name =~"APU*"}
rst -system
after 3000
targets -set -filter {jtag_cable_name =~ "Xilinx TUL 1234-tulA" && level==0 && jtag_device_ctx=="jsn-TUL-1234-tulA-23727093-0"}
fpga -file C:/Users/machk/gitkraken/Audio_Processing/LAB4/Vraag3_App/_ide/bitstream/AudioProcessing2.bit
targets -set -nocase -filter {name =~"APU*"}
loadhw -hw C:/Users/machk/gitkraken/Audio_Processing/LAB4/AudioProcessing2/export/AudioProcessing2/hw/AudioProcessing2.xsa -mem-ranges [list {0x40000000 0xbfffffff}] -regs
configparams force-mem-access 1
targets -set -nocase -filter {name =~"APU*"}
source C:/Users/machk/gitkraken/Audio_Processing/LAB4/Vraag3_App/_ide/psinit/ps7_init.tcl
ps7_init
ps7_post_config
targets -set -nocase -filter {name =~ "*A9*#0"}
dow C:/Users/machk/gitkraken/Audio_Processing/LAB4/Vraag3_App/Debug/Vraag3_App.elf
configparams force-mem-access 0
----------------End of Script----------------

10:50:18 INFO  : Context for processor 'ps7_cortexa9_0' is selected.
10:50:18 INFO  : 'con' command is executed.
10:50:18 INFO  : ----------------XSDB Script (After Launch)----------------
targets -set -nocase -filter {name =~ "*A9*#0"}
con
----------------End of Script----------------

10:50:18 INFO  : Launch script is exported to file 'C:\Users\machk\gitkraken\Audio_Processing\LAB4\Vraag3_App_system\_ide\scripts\debugger_vraag3_app-default.tcl'
10:51:09 INFO  : Disconnected from the channel tcfchan#21.
10:51:10 INFO  : Connected to target on host '127.0.0.1' and port '3121'.
10:51:12 INFO  : Jtag cable 'Xilinx TUL 1234-tulA' is selected.
10:51:12 INFO  : 'jtag frequency' command is executed.
10:51:12 INFO  : Context for 'APU' is selected.
10:51:12 INFO  : System reset is completed.
10:51:16 INFO  : 'after 3000' command is executed.
10:51:16 INFO  : 'targets -set -filter {jtag_cable_name =~ "Xilinx TUL 1234-tulA" && level==0 && jtag_device_ctx=="jsn-TUL-1234-tulA-23727093-0"}' command is executed.
10:51:18 INFO  : Device configured successfully with "C:/Users/machk/gitkraken/Audio_Processing/LAB4/Vraag3_App/_ide/bitstream/AudioProcessing2.bit"
10:51:18 INFO  : Context for 'APU' is selected.
10:51:18 INFO  : Hardware design and registers information is loaded from 'C:/Users/machk/gitkraken/Audio_Processing/LAB4/AudioProcessing2/export/AudioProcessing2/hw/AudioProcessing2.xsa'.
10:51:18 INFO  : 'configparams force-mem-access 1' command is executed.
10:51:18 INFO  : Context for 'APU' is selected.
10:51:18 INFO  : Sourcing of 'C:/Users/machk/gitkraken/Audio_Processing/LAB4/Vraag3_App/_ide/psinit/ps7_init.tcl' is done.
10:51:18 INFO  : 'ps7_init' command is executed.
10:51:19 INFO  : 'ps7_post_config' command is executed.
10:51:19 INFO  : Context for processor 'ps7_cortexa9_0' is selected.
10:51:19 INFO  : The application 'C:/Users/machk/gitkraken/Audio_Processing/LAB4/Vraag3_App/Debug/Vraag3_App.elf' is downloaded to processor 'ps7_cortexa9_0'.
10:51:19 INFO  : 'configparams force-mem-access 0' command is executed.
10:51:19 INFO  : ----------------XSDB Script----------------
connect -url tcp:127.0.0.1:3121
targets -set -nocase -filter {name =~"APU*"}
rst -system
after 3000
targets -set -filter {jtag_cable_name =~ "Xilinx TUL 1234-tulA" && level==0 && jtag_device_ctx=="jsn-TUL-1234-tulA-23727093-0"}
fpga -file C:/Users/machk/gitkraken/Audio_Processing/LAB4/Vraag3_App/_ide/bitstream/AudioProcessing2.bit
targets -set -nocase -filter {name =~"APU*"}
loadhw -hw C:/Users/machk/gitkraken/Audio_Processing/LAB4/AudioProcessing2/export/AudioProcessing2/hw/AudioProcessing2.xsa -mem-ranges [list {0x40000000 0xbfffffff}] -regs
configparams force-mem-access 1
targets -set -nocase -filter {name =~"APU*"}
source C:/Users/machk/gitkraken/Audio_Processing/LAB4/Vraag3_App/_ide/psinit/ps7_init.tcl
ps7_init
ps7_post_config
targets -set -nocase -filter {name =~ "*A9*#0"}
dow C:/Users/machk/gitkraken/Audio_Processing/LAB4/Vraag3_App/Debug/Vraag3_App.elf
configparams force-mem-access 0
----------------End of Script----------------

10:51:19 INFO  : Context for processor 'ps7_cortexa9_0' is selected.
10:51:19 INFO  : 'con' command is executed.
10:51:19 INFO  : ----------------XSDB Script (After Launch)----------------
targets -set -nocase -filter {name =~ "*A9*#0"}
con
----------------End of Script----------------

10:51:19 INFO  : Launch script is exported to file 'C:\Users\machk\gitkraken\Audio_Processing\LAB4\Vraag3_App_system\_ide\scripts\debugger_vraag3_app-default.tcl'
11:03:59 INFO  : Disconnected from the channel tcfchan#22.
11:04:00 INFO  : Connected to target on host '127.0.0.1' and port '3121'.
11:04:09 INFO  : ----------------XSDB Script----------------
connect -url tcp:127.0.0.1:3121
----------------End of Script----------------

11:04:09 ERROR : Could not find FPGA device on the board for connection 'Local'.


Troubleshooting hints:
1. Check whether board is connected to system properly.
2. In case of zynq board, check whether Digilent/Xilinx cable switch settings are correct.
3. If you are using Xilinx Platform Cable USB, ensure that status LED is green.
11:04:19 INFO  : Connected to target on host '127.0.0.1' and port '3121'.
11:04:19 INFO  : Jtag cable 'Xilinx TUL 1234-tulA' is selected.
11:04:19 INFO  : 'jtag frequency' command is executed.
11:04:19 INFO  : Context for 'APU' is selected.
11:04:19 INFO  : System reset is completed.
11:04:22 INFO  : 'after 3000' command is executed.
11:04:22 INFO  : 'targets -set -filter {jtag_cable_name =~ "Xilinx TUL 1234-tulA" && level==0 && jtag_device_ctx=="jsn-TUL-1234-tulA-23727093-0"}' command is executed.
11:04:25 INFO  : Device configured successfully with "C:/Users/machk/gitkraken/Audio_Processing/LAB4/Vraag3_App/_ide/bitstream/AudioProcessing2.bit"
11:04:25 INFO  : Context for 'APU' is selected.
11:04:25 INFO  : Hardware design and registers information is loaded from 'C:/Users/machk/gitkraken/Audio_Processing/LAB4/AudioProcessing2/export/AudioProcessing2/hw/AudioProcessing2.xsa'.
11:04:25 INFO  : 'configparams force-mem-access 1' command is executed.
11:04:25 INFO  : Context for 'APU' is selected.
11:04:25 INFO  : Sourcing of 'C:/Users/machk/gitkraken/Audio_Processing/LAB4/Vraag3_App/_ide/psinit/ps7_init.tcl' is done.
11:04:25 INFO  : 'ps7_init' command is executed.
11:04:25 INFO  : 'ps7_post_config' command is executed.
11:04:25 INFO  : Context for processor 'ps7_cortexa9_0' is selected.
11:04:25 INFO  : The application 'C:/Users/machk/gitkraken/Audio_Processing/LAB4/Vraag3_App/Debug/Vraag3_App.elf' is downloaded to processor 'ps7_cortexa9_0'.
11:04:26 INFO  : 'configparams force-mem-access 0' command is executed.
11:04:26 INFO  : ----------------XSDB Script----------------
connect -url tcp:127.0.0.1:3121
targets -set -nocase -filter {name =~"APU*"}
rst -system
after 3000
targets -set -filter {jtag_cable_name =~ "Xilinx TUL 1234-tulA" && level==0 && jtag_device_ctx=="jsn-TUL-1234-tulA-23727093-0"}
fpga -file C:/Users/machk/gitkraken/Audio_Processing/LAB4/Vraag3_App/_ide/bitstream/AudioProcessing2.bit
targets -set -nocase -filter {name =~"APU*"}
loadhw -hw C:/Users/machk/gitkraken/Audio_Processing/LAB4/AudioProcessing2/export/AudioProcessing2/hw/AudioProcessing2.xsa -mem-ranges [list {0x40000000 0xbfffffff}] -regs
configparams force-mem-access 1
targets -set -nocase -filter {name =~"APU*"}
source C:/Users/machk/gitkraken/Audio_Processing/LAB4/Vraag3_App/_ide/psinit/ps7_init.tcl
ps7_init
ps7_post_config
targets -set -nocase -filter {name =~ "*A9*#0"}
dow C:/Users/machk/gitkraken/Audio_Processing/LAB4/Vraag3_App/Debug/Vraag3_App.elf
configparams force-mem-access 0
----------------End of Script----------------

11:04:26 INFO  : Context for processor 'ps7_cortexa9_0' is selected.
11:04:26 INFO  : 'con' command is executed.
11:04:26 INFO  : ----------------XSDB Script (After Launch)----------------
targets -set -nocase -filter {name =~ "*A9*#0"}
con
----------------End of Script----------------

11:04:26 INFO  : Launch script is exported to file 'C:\Users\machk\gitkraken\Audio_Processing\LAB4\Vraag3_App_system\_ide\scripts\debugger_vraag3_app-default.tcl'
11:05:17 INFO  : Disconnected from the channel tcfchan#23.
11:05:31 INFO  : Connected to target on host '127.0.0.1' and port '3121'.
11:05:32 INFO  : Jtag cable 'Xilinx TUL 1234-tulA' is selected.
11:05:32 INFO  : 'jtag frequency' command is executed.
11:05:33 INFO  : Context for 'APU' is selected.
11:05:33 INFO  : System reset is completed.
11:05:36 INFO  : 'after 3000' command is executed.
11:05:37 INFO  : 'targets -set -filter {jtag_cable_name =~ "Xilinx TUL 1234-tulA" && level==0 && jtag_device_ctx=="jsn-TUL-1234-tulA-23727093-0"}' command is executed.
11:05:41 INFO  : Device configured successfully with "C:/Users/machk/gitkraken/Audio_Processing/LAB4/Vraag3_App/_ide/bitstream/AudioProcessing2.bit"
11:05:41 INFO  : Context for 'APU' is selected.
11:05:41 INFO  : Hardware design and registers information is loaded from 'C:/Users/machk/gitkraken/Audio_Processing/LAB4/AudioProcessing2/export/AudioProcessing2/hw/AudioProcessing2.xsa'.
11:05:41 INFO  : 'configparams force-mem-access 1' command is executed.
11:05:41 INFO  : Context for 'APU' is selected.
11:05:41 INFO  : Sourcing of 'C:/Users/machk/gitkraken/Audio_Processing/LAB4/Vraag3_App/_ide/psinit/ps7_init.tcl' is done.
11:05:42 INFO  : 'ps7_init' command is executed.
11:05:42 INFO  : 'ps7_post_config' command is executed.
11:05:42 INFO  : Context for processor 'ps7_cortexa9_0' is selected.
11:05:42 INFO  : The application 'C:/Users/machk/gitkraken/Audio_Processing/LAB4/Vraag3_App/Debug/Vraag3_App.elf' is downloaded to processor 'ps7_cortexa9_0'.
11:05:42 INFO  : 'configparams force-mem-access 0' command is executed.
11:05:42 INFO  : ----------------XSDB Script----------------
connect -url tcp:127.0.0.1:3121
targets -set -nocase -filter {name =~"APU*"}
rst -system
after 3000
targets -set -filter {jtag_cable_name =~ "Xilinx TUL 1234-tulA" && level==0 && jtag_device_ctx=="jsn-TUL-1234-tulA-23727093-0"}
fpga -file C:/Users/machk/gitkraken/Audio_Processing/LAB4/Vraag3_App/_ide/bitstream/AudioProcessing2.bit
targets -set -nocase -filter {name =~"APU*"}
loadhw -hw C:/Users/machk/gitkraken/Audio_Processing/LAB4/AudioProcessing2/export/AudioProcessing2/hw/AudioProcessing2.xsa -mem-ranges [list {0x40000000 0xbfffffff}] -regs
configparams force-mem-access 1
targets -set -nocase -filter {name =~"APU*"}
source C:/Users/machk/gitkraken/Audio_Processing/LAB4/Vraag3_App/_ide/psinit/ps7_init.tcl
ps7_init
ps7_post_config
targets -set -nocase -filter {name =~ "*A9*#0"}
dow C:/Users/machk/gitkraken/Audio_Processing/LAB4/Vraag3_App/Debug/Vraag3_App.elf
configparams force-mem-access 0
----------------End of Script----------------

11:05:42 INFO  : Context for processor 'ps7_cortexa9_0' is selected.
11:05:42 INFO  : 'con' command is executed.
11:05:42 INFO  : ----------------XSDB Script (After Launch)----------------
targets -set -nocase -filter {name =~ "*A9*#0"}
con
----------------End of Script----------------

11:05:42 INFO  : Launch script is exported to file 'C:\Users\machk\gitkraken\Audio_Processing\LAB4\Vraag3_App_system\_ide\scripts\debugger_vraag3_app-default.tcl'
11:06:18 INFO  : Disconnected from the channel tcfchan#24.
11:06:20 INFO  : Connected to target on host '127.0.0.1' and port '3121'.
11:06:21 INFO  : Jtag cable 'Xilinx TUL 1234-tulA' is selected.
11:06:21 INFO  : 'jtag frequency' command is executed.
11:06:21 INFO  : Context for 'APU' is selected.
11:06:21 INFO  : System reset is completed.
11:06:24 INFO  : 'after 3000' command is executed.
11:06:24 INFO  : 'targets -set -filter {jtag_cable_name =~ "Xilinx TUL 1234-tulA" && level==0 && jtag_device_ctx=="jsn-TUL-1234-tulA-23727093-0"}' command is executed.
11:06:26 INFO  : Device configured successfully with "C:/Users/machk/gitkraken/Audio_Processing/LAB4/Vraag3_App/_ide/bitstream/AudioProcessing2.bit"
11:06:27 INFO  : Context for 'APU' is selected.
11:06:27 INFO  : Hardware design and registers information is loaded from 'C:/Users/machk/gitkraken/Audio_Processing/LAB4/AudioProcessing2/export/AudioProcessing2/hw/AudioProcessing2.xsa'.
11:06:27 INFO  : 'configparams force-mem-access 1' command is executed.
11:06:27 INFO  : Context for 'APU' is selected.
11:06:27 INFO  : Sourcing of 'C:/Users/machk/gitkraken/Audio_Processing/LAB4/Vraag3_App/_ide/psinit/ps7_init.tcl' is done.
11:06:27 INFO  : 'ps7_init' command is executed.
11:06:27 INFO  : 'ps7_post_config' command is executed.
11:06:27 INFO  : Context for processor 'ps7_cortexa9_0' is selected.
11:06:27 INFO  : The application 'C:/Users/machk/gitkraken/Audio_Processing/LAB4/Vraag3_App/Debug/Vraag3_App.elf' is downloaded to processor 'ps7_cortexa9_0'.
11:06:27 INFO  : 'configparams force-mem-access 0' command is executed.
11:06:27 INFO  : ----------------XSDB Script----------------
connect -url tcp:127.0.0.1:3121
targets -set -nocase -filter {name =~"APU*"}
rst -system
after 3000
targets -set -filter {jtag_cable_name =~ "Xilinx TUL 1234-tulA" && level==0 && jtag_device_ctx=="jsn-TUL-1234-tulA-23727093-0"}
fpga -file C:/Users/machk/gitkraken/Audio_Processing/LAB4/Vraag3_App/_ide/bitstream/AudioProcessing2.bit
targets -set -nocase -filter {name =~"APU*"}
loadhw -hw C:/Users/machk/gitkraken/Audio_Processing/LAB4/AudioProcessing2/export/AudioProcessing2/hw/AudioProcessing2.xsa -mem-ranges [list {0x40000000 0xbfffffff}] -regs
configparams force-mem-access 1
targets -set -nocase -filter {name =~"APU*"}
source C:/Users/machk/gitkraken/Audio_Processing/LAB4/Vraag3_App/_ide/psinit/ps7_init.tcl
ps7_init
ps7_post_config
targets -set -nocase -filter {name =~ "*A9*#0"}
dow C:/Users/machk/gitkraken/Audio_Processing/LAB4/Vraag3_App/Debug/Vraag3_App.elf
configparams force-mem-access 0
----------------End of Script----------------

11:06:27 INFO  : Context for processor 'ps7_cortexa9_0' is selected.
11:06:27 INFO  : 'con' command is executed.
11:06:27 INFO  : ----------------XSDB Script (After Launch)----------------
targets -set -nocase -filter {name =~ "*A9*#0"}
con
----------------End of Script----------------

11:06:27 INFO  : Launch script is exported to file 'C:\Users\machk\gitkraken\Audio_Processing\LAB4\Vraag3_App_system\_ide\scripts\debugger_vraag3_app-default.tcl'
13:37:53 INFO  : Disconnected from the channel tcfchan#25.
19:59:39 DEBUG : Logs will be stored at 'C:/Users/machk/gitkraken/Audio_Processing/LAB4/IDE.log'.
19:59:40 INFO  : Launching XSCT server: xsct.bat -n  -interactive C:\Users\machk\gitkraken\Audio_Processing\LAB4\temp_xsdb_launch_script.tcl
19:59:45 INFO  : XSCT server has started successfully.
19:59:45 INFO  : Successfully done setting XSCT server connection channel  
19:59:45 INFO  : plnx-install-location is set to ''
19:59:45 INFO  : Successfully done setting workspace for the tool. 
19:59:48 INFO  : Platform repository initialization has completed.
19:59:48 INFO  : Registering command handlers for Vitis TCF services
19:59:50 INFO  : Successfully done query RDI_DATADIR 
