09:15:09 DEBUG : Logs will be stored at 'D:/devWorks/PBEAICT/J2/S2/AP/LAB2/IDE.log'.
09:15:20 INFO  : Launching XSCT server: xsct.bat -n  -interactive D:\devWorks\PBEAICT\J2\S2\AP\LAB2\temp_xsdb_launch_script.tcl
09:15:20 INFO  : Platform repository initialization has completed.
09:15:20 INFO  : Registering command handlers for Vitis TCF services
09:15:25 INFO  : XSCT server has started successfully.
09:15:27 INFO  : plnx-install-location is set to ''
09:15:27 INFO  : Successfully done setting XSCT server connection channel  
09:15:27 INFO  : Successfully done query RDI_DATADIR 
09:15:27 INFO  : Successfully done setting workspace for the tool. 
09:16:56 INFO  : Result from executing command 'getProjects': Lab2_platform
09:16:56 INFO  : Result from executing command 'getPlatforms': 
09:16:56 WARN  : An unexpected exception occurred in the module 'platform project logging'
09:16:57 INFO  : Platform 'Lab2_platform' is added to custom repositories.
09:17:10 INFO  : Platform 'Lab2_platform' is added to custom repositories.
09:18:07 INFO  : Result from executing command 'getProjects': Lab2_platform
09:18:07 INFO  : Result from executing command 'getPlatforms': Lab2_platform|D:/devWorks/PBEAICT/J2/S2/AP/LAB2/Lab2_platform/export/Lab2_platform/Lab2_platform.xpfm
09:18:08 INFO  : Checking for BSP changes to sync application flags for project 'InterruptBasedApp'...
09:19:17 INFO  : Checking for BSP changes to sync application flags for project 'InterruptBasedApp'...
09:19:31 INFO  : Checking for BSP changes to sync application flags for project 'InterruptBasedApp'...
09:26:31 INFO  : Checking for BSP changes to sync application flags for project 'InterruptBasedApp'...
09:35:36 INFO  : Checking for BSP changes to sync application flags for project 'InterruptBasedApp'...
09:36:24 INFO  : Checking for BSP changes to sync application flags for project 'InterruptBasedApp'...
09:36:42 INFO  : Checking for BSP changes to sync application flags for project 'InterruptBasedApp'...
09:51:27 INFO  : Checking for BSP changes to sync application flags for project 'InterruptBasedApp'...
10:00:59 INFO  : Checking for BSP changes to sync application flags for project 'InterruptBasedApp'...
10:02:19 INFO  : Checking for BSP changes to sync application flags for project 'InterruptBasedApp'...
16:41:41 DEBUG : Logs will be stored at 'D:/devWorks/PBEAICT/J2/S2/AP/LAB2/IDE.log'.
16:41:42 INFO  : Launching XSCT server: xsct.bat -n  -interactive D:\devWorks\PBEAICT\J2\S2\AP\LAB2\temp_xsdb_launch_script.tcl
16:41:45 INFO  : XSCT server has started successfully.
16:41:45 INFO  : plnx-install-location is set to ''
16:41:45 INFO  : Successfully done setting XSCT server connection channel  
16:41:45 INFO  : Successfully done setting workspace for the tool. 
16:41:47 INFO  : Platform repository initialization has completed.
16:42:44 INFO  : Registering command handlers for Vitis TCF services
16:42:44 INFO  : Successfully done query RDI_DATADIR 
16:45:48 INFO  : Checking for BSP changes to sync application flags for project 'InterruptSignalApp_1'...
16:45:58 ERROR : (XSDB Server)ERROR: [Hsi 55-1571] The design file D:/devWorks/PBEAICT/J2/S2/AP/LAB2/Lab2_platform/export/Lab2_platform/hw/AudioProcessing2.xsa is already opened

16:46:03 INFO  : Checking for BSP changes to sync application flags for project 'DelayApp_2'...
16:46:57 INFO  : Checking for BSP changes to sync application flags for project 'InterruptSignalApp_1'...
16:47:21 INFO  : Checking for BSP changes to sync application flags for project 'InterruptSignalApp_1'...
16:47:25 ERROR : (XSDB Server)ERROR: [Hsi 55-1571] The design file D:/devWorks/PBEAICT/J2/S2/AP/LAB2/Lab2_platform/export/Lab2_platform/hw/AudioProcessing2.xsa is already opened

