13:03:30 DEBUG : Logs will be stored at 'C:/Users/machk/gitkraken/Audio_Processing/LAB3/IDE.log'.
13:03:36 INFO  : Launching XSCT server: xsct.bat -n  -interactive C:\Users\machk\gitkraken\Audio_Processing\LAB3\temp_xsdb_launch_script.tcl
13:03:36 INFO  : Platform repository initialization has completed.
13:03:37 INFO  : Registering command handlers for Vitis TCF services
13:03:40 INFO  : XSCT server has started successfully.
13:03:40 INFO  : Successfully done setting XSCT server connection channel  
13:03:40 INFO  : plnx-install-location is set to ''
13:03:43 INFO  : Successfully done setting workspace for the tool. 
13:03:43 INFO  : Successfully done query RDI_DATADIR 
13:04:43 INFO  : Result from executing command 'getProjects': AudioProcessing2
13:04:43 INFO  : Result from executing command 'getPlatforms': 
13:04:43 WARN  : An unexpected exception occurred in the module 'platform project logging'
13:04:44 INFO  : Platform 'AudioProcessing2' is added to custom repositories.
13:04:57 INFO  : Platform 'AudioProcessing2' is added to custom repositories.
13:05:24 INFO  : Result from executing command 'getProjects': AudioProcessing2
13:05:24 INFO  : Result from executing command 'getPlatforms': AudioProcessing2|C:/Users/machk/gitkraken/Audio_Processing/LAB3/AudioProcessing2/export/AudioProcessing2/AudioProcessing2.xpfm
13:05:30 INFO  : Checking for BSP changes to sync application flags for project 'DSPApp'...
13:17:28 INFO  : Checking for BSP changes to sync application flags for project 'DSPApp'...
13:19:20 INFO  : Checking for BSP changes to sync application flags for project 'DSPApp'...
13:21:16 INFO  : Checking for BSP changes to sync application flags for project 'DSPApp'...
13:22:13 INFO  : Checking for BSP changes to sync application flags for project 'DSPApp'...
13:23:35 INFO  : Checking for BSP changes to sync application flags for project 'DSPApp'...
13:27:32 INFO  : Checking for BSP changes to sync application flags for project 'DSPApp'...
13:28:16 INFO  : Checking for BSP changes to sync application flags for project 'DSPApp'...
13:29:30 INFO  : Checking for BSP changes to sync application flags for project 'DSPApp'...
13:31:46 INFO  : Checking for BSP changes to sync application flags for project 'DSPApp'...
13:32:39 INFO  : Checking for BSP changes to sync application flags for project 'DSPApp'...
13:33:56 INFO  : Connected to target on host '127.0.0.1' and port '3121'.
13:34:14 INFO  : ----------------XSDB Script----------------
connect -url tcp:127.0.0.1:3121
----------------End of Script----------------

13:34:14 ERROR : Could not find ARM device on the board for connection 'Local'.
Check if the target is in:
1. Split JTAG - No operations are possible with ARM DAP.
2. Non JTAG bootmode - Bootrom may need time to enable DAP.
Please try again.


Troubleshooting hints:
1. Check whether board is connected to system properly.
2. In case of zynq board, check whether Digilent/Xilinx cable switch settings are correct.
3. If you are using Xilinx Platform Cable USB, ensure that status LED is green.
